<?xml version="1.0" encoding="UTF-8"?>
<!-- Generated by org.testng.reporters.JUnitXMLReporter -->
<testsuite ignored="0" hostname="suraj-pavilion" failures="1" tests="2" name="TestRunner-Chrome" time="24.512" errors="0" timestamp="2025-02-20T17:16:05 IST">
  <testcase classname="practice.test.InvoiceTest_Listener" name="createInvoiceTest" time="0.154">
    <failure type="org.junit.ComparisonFailure" message="expected:&amp;lt;[Administrator - Home - vtiger CRM 5 - Commercial Open Source CRM]&amp;gt; but was:&amp;lt;[Login]&amp;gt;">
      <![CDATA[org.junit.ComparisonFailure: expected:<[Administrator - Home - vtiger CRM 5 - Commercial Open Source CRM]> but was:<[Login]>
at org.junit.Assert.assertEquals(Assert.java:125)
at org.junit.Assert.assertEquals(Assert.java:147)
at practice.test.InvoiceTest_Listener.createInvoiceTest(InvoiceTest_Listener.java:14)
at java.base/java.util.ArrayList.forEach(ArrayList.java:1511)
at java.base/java.util.concurrent.FutureTask.run(FutureTask.java:264)
at java.base/java.util.concurrent.ThreadPoolExecutor.runWorker(ThreadPoolExecutor.java:1136)
at java.base/java.util.concurrent.ThreadPoolExecutor$Worker.run(ThreadPoolExecutor.java:635)
at java.base/java.lang.Thread.run(Thread.java:842)
... Removed 17 stack frames]]>
    </failure>
  </testcase> <!-- createInvoiceTest -->
  <testcase classname="practice.test.InvoiceTest_Listener" name="createInvoiceWithContactTest" time="0.004"/>
</testsuite> <!-- TestRunner-Chrome -->
