<?xml version="1.0" encoding="UTF-8"?>
<testng-results ignored="0" total="4" passed="2" failed="2" skipped="0">
  <reporter-output>
    <line>
      <![CDATA[=====Connect to DB and Report Config=====]]>
    </line>
    <line>
      <![CDATA[=====Login to Appl=====]]>
    </line>
    <line>
      <![CDATA[=====Login to Appl=====]]>
    </line>
    <line>
      <![CDATA[=====Logout to Appl=====]]>
    </line>
    <line>
      <![CDATA[=====Logout to Appl=====]]>
    </line>
    <line>
      <![CDATA[=====Login to Appl=====]]>
    </line>
    <line>
      <![CDATA[=====Login to Appl=====]]>
    </line>
    <line>
      <![CDATA[=====Logout to Appl=====]]>
    </line>
    <line>
      <![CDATA[=====Logout to Appl=====]]>
    </line>
    <line>
      <![CDATA[=====Close Browser=====]]>
    </line>
    <line>
      <![CDATA[=====Close Browser=====]]>
    </line>
    <line>
      <![CDATA[=====Close DB, Report BackUp=====]]>
    </line>
  </reporter-output>
  <suite started-at="2025-02-20T17:15:41 IST" name="Suite" finished-at="2025-02-20T17:16:11 IST" duration-ms="30434">
    <groups>
    </groups>
    <test started-at="2025-02-20T17:15:41 IST" name="TestRunner-Chrome" finished-at="2025-02-20T17:16:05 IST" duration-ms="24512">
      <class name="practice.test.InvoiceTest_Listener">
        <test-method is-config="true" signature="configBS()[pri:0, instance:practice.test.InvoiceTest_Listener@77f1baf5]" started-at="2025-02-20T17:15:40 IST" name="configBS" finished-at="2025-02-20T17:15:41 IST" duration-ms="562" status="PASS">
          <reporter-output>
            <line>
              <![CDATA[=====Connect to DB and Report Config=====]]>
            </line>
          </reporter-output>
        </test-method> <!-- configBS -->
        <test-method is-config="true" signature="configBC(java.lang.String)[pri:0, instance:practice.test.InvoiceTest_Listener@77f1baf5]" started-at="2025-02-20T17:15:41 IST" name="configBC" finished-at="2025-02-20T17:15:44 IST" duration-ms="3408" status="PASS">
          <params>
            <param index="0">
              <value>
                <![CDATA[chrome]]>
              </value>
            </param>
          </params>
          <reporter-output>
          </reporter-output>
        </test-method> <!-- configBC -->
        <test-method is-config="true" signature="configBM()[pri:0, instance:practice.test.InvoiceTest_Listener@77f1baf5]" started-at="2025-02-20T17:15:44 IST" name="configBM" finished-at="2025-02-20T17:15:51 IST" duration-ms="6593" status="PASS">
          <reporter-output>
            <line>
              <![CDATA[=====Login to Appl=====]]>
            </line>
          </reporter-output>
        </test-method> <!-- configBM -->
        <test-method signature="createInvoiceTest()[pri:0, instance:practice.test.InvoiceTest_Listener@77f1baf5]" started-at="2025-02-20T17:15:51 IST" name="createInvoiceTest" finished-at="2025-02-20T17:15:51 IST" duration-ms="154" status="FAIL">
          <exception class="org.junit.ComparisonFailure">
            <message>
              <![CDATA[expected:<[Administrator - Home - vtiger CRM 5 - Commercial Open Source CRM]> but was:<[Login]>]]>
            </message>
            <full-stacktrace>
              <![CDATA[org.junit.ComparisonFailure: expected:<[Administrator - Home - vtiger CRM 5 - Commercial Open Source CRM]> but was:<[Login]>
at org.junit.Assert.assertEquals(Assert.java:125)
at org.junit.Assert.assertEquals(Assert.java:147)
at practice.test.InvoiceTest_Listener.createInvoiceTest(InvoiceTest_Listener.java:14)
at java.base/jdk.internal.reflect.NativeMethodAccessorImpl.invoke0(Native Method)
at java.base/jdk.internal.reflect.NativeMethodAccessorImpl.invoke(NativeMethodAccessorImpl.java:77)
at java.base/jdk.internal.reflect.DelegatingMethodAccessorImpl.invoke(DelegatingMethodAccessorImpl.java:43)
at java.base/java.lang.reflect.Method.invoke(Method.java:568)
at org.testng.internal.invokers.MethodInvocationHelper.invokeMethod(MethodInvocationHelper.java:141)
at org.testng.internal.invokers.TestInvoker.invokeMethod(TestInvoker.java:686)
at org.testng.internal.invokers.TestInvoker.invokeTestMethod(TestInvoker.java:230)
at org.testng.internal.invokers.MethodRunner.runInSequence(MethodRunner.java:63)
at org.testng.internal.invokers.TestInvoker$MethodInvocationAgent.invoke(TestInvoker.java:992)
at org.testng.internal.invokers.TestInvoker.invokeTestMethods(TestInvoker.java:203)
at org.testng.internal.invokers.TestMethodWorker.invokeTestMethods(TestMethodWorker.java:154)
at org.testng.internal.invokers.TestMethodWorker.run(TestMethodWorker.java:134)
at java.base/java.util.ArrayList.forEach(ArrayList.java:1511)
at org.testng.TestRunner.privateRun(TestRunner.java:739)
at org.testng.TestRunner.run(TestRunner.java:614)
at org.testng.SuiteRunner.runTest(SuiteRunner.java:421)
at org.testng.SuiteRunner$SuiteWorker.run(SuiteRunner.java:463)
at org.testng.internal.thread.ThreadUtil.lambda$execute$0(ThreadUtil.java:64)
at java.base/java.util.concurrent.FutureTask.run(FutureTask.java:264)
at java.base/java.util.concurrent.ThreadPoolExecutor.runWorker(ThreadPoolExecutor.java:1136)
at java.base/java.util.concurrent.ThreadPoolExecutor$Worker.run(ThreadPoolExecutor.java:635)
at java.base/java.lang.Thread.run(Thread.java:842)
]]>
            </full-stacktrace>
          </exception> <!-- org.junit.ComparisonFailure -->
          <reporter-output>
          </reporter-output>
        </test-method> <!-- createInvoiceTest -->
        <test-method is-config="true" signature="ConfigAM()[pri:0, instance:practice.test.InvoiceTest_Listener@77f1baf5]" started-at="2025-02-20T17:15:54 IST" name="ConfigAM" finished-at="2025-02-20T17:15:56 IST" duration-ms="2034" status="PASS">
          <reporter-output>
            <line>
              <![CDATA[=====Logout to Appl=====]]>
            </line>
          </reporter-output>
        </test-method> <!-- ConfigAM -->
        <test-method is-config="true" signature="configBM()[pri:0, instance:practice.test.InvoiceTest_Listener@77f1baf5]" started-at="2025-02-20T17:15:56 IST" name="configBM" finished-at="2025-02-20T17:16:00 IST" duration-ms="3483" status="PASS">
          <reporter-output>
            <line>
              <![CDATA[=====Login to Appl=====]]>
            </line>
          </reporter-output>
        </test-method> <!-- configBM -->
        <test-method signature="createInvoiceWithContactTest()[pri:0, instance:practice.test.InvoiceTest_Listener@77f1baf5]" started-at="2025-02-20T17:16:00 IST" name="createInvoiceWithContactTest" finished-at="2025-02-20T17:16:00 IST" duration-ms="4" status="PASS">
          <reporter-output>
          </reporter-output>
        </test-method> <!-- createInvoiceWithContactTest -->
        <test-method is-config="true" signature="ConfigAM()[pri:0, instance:practice.test.InvoiceTest_Listener@77f1baf5]" started-at="2025-02-20T17:16:00 IST" name="ConfigAM" finished-at="2025-02-20T17:16:05 IST" duration-ms="5174" status="PASS">
          <reporter-output>
            <line>
              <![CDATA[=====Logout to Appl=====]]>
            </line>
          </reporter-output>
        </test-method> <!-- ConfigAM -->
        <test-method is-config="true" signature="ConfigAC()[pri:0, instance:practice.test.InvoiceTest_Listener@77f1baf5]" started-at="2025-02-20T17:16:05 IST" name="ConfigAC" finished-at="2025-02-20T17:16:05 IST" duration-ms="341" status="PASS">
          <reporter-output>
            <line>
              <![CDATA[=====Close Browser=====]]>
            </line>
          </reporter-output>
        </test-method> <!-- ConfigAC -->
        <test-method is-config="true" signature="ConfigAs()[pri:0, instance:practice.test.InvoiceTest_Listener@77f1baf5]" started-at="2025-02-20T17:16:11 IST" name="ConfigAs" finished-at="2025-02-20T17:16:11 IST" duration-ms="12" status="PASS">
          <reporter-output>
            <line>
              <![CDATA[=====Close DB, Report BackUp=====]]>
            </line>
          </reporter-output>
        </test-method> <!-- ConfigAs -->
      </class> <!-- practice.test.InvoiceTest_Listener -->
    </test> <!-- TestRunner-Chrome -->
    <test started-at="2025-02-20T17:15:41 IST" name="TestRunner-FireFox" finished-at="2025-02-20T17:16:11 IST" duration-ms="30434">
      <class name="practice.test.InvoiceTest_Listener">
        <test-method is-config="true" signature="configBC(java.lang.String)[pri:0, instance:practice.test.InvoiceTest_Listener@6a78afa0]" started-at="2025-02-20T17:15:41 IST" name="configBC" finished-at="2025-02-20T17:15:49 IST" duration-ms="8368" status="PASS">
          <params>
            <param index="0">
              <value>
                <![CDATA[firefox]]>
              </value>
            </param>
          </params>
          <reporter-output>
          </reporter-output>
        </test-method> <!-- configBC -->
        <test-method is-config="true" signature="configBM()[pri:0, instance:practice.test.InvoiceTest_Listener@6a78afa0]" started-at="2025-02-20T17:15:49 IST" name="configBM" finished-at="2025-02-20T17:15:54 IST" duration-ms="4907" status="PASS">
          <reporter-output>
            <line>
              <![CDATA[=====Login to Appl=====]]>
            </line>
          </reporter-output>
        </test-method> <!-- configBM -->
        <test-method signature="createInvoiceTest()[pri:0, instance:practice.test.InvoiceTest_Listener@6a78afa0]" started-at="2025-02-20T17:15:54 IST" name="createInvoiceTest" finished-at="2025-02-20T17:15:54 IST" duration-ms="115" status="FAIL">
          <exception class="org.junit.ComparisonFailure">
            <message>
              <![CDATA[expected:<[Administrator - Home - vtiger CRM 5 - Commercial Open Source CRM]> but was:<[Login]>]]>
            </message>
            <full-stacktrace>
              <![CDATA[org.junit.ComparisonFailure: expected:<[Administrator - Home - vtiger CRM 5 - Commercial Open Source CRM]> but was:<[Login]>
at org.junit.Assert.assertEquals(Assert.java:125)
at org.junit.Assert.assertEquals(Assert.java:147)
at practice.test.InvoiceTest_Listener.createInvoiceTest(InvoiceTest_Listener.java:14)
at java.base/jdk.internal.reflect.NativeMethodAccessorImpl.invoke0(Native Method)
at java.base/jdk.internal.reflect.NativeMethodAccessorImpl.invoke(NativeMethodAccessorImpl.java:77)
at java.base/jdk.internal.reflect.DelegatingMethodAccessorImpl.invoke(DelegatingMethodAccessorImpl.java:43)
at java.base/java.lang.reflect.Method.invoke(Method.java:568)
at org.testng.internal.invokers.MethodInvocationHelper.invokeMethod(MethodInvocationHelper.java:141)
at org.testng.internal.invokers.TestInvoker.invokeMethod(TestInvoker.java:686)
at org.testng.internal.invokers.TestInvoker.invokeTestMethod(TestInvoker.java:230)
at org.testng.internal.invokers.MethodRunner.runInSequence(MethodRunner.java:63)
at org.testng.internal.invokers.TestInvoker$MethodInvocationAgent.invoke(TestInvoker.java:992)
at org.testng.internal.invokers.TestInvoker.invokeTestMethods(TestInvoker.java:203)
at org.testng.internal.invokers.TestMethodWorker.invokeTestMethods(TestMethodWorker.java:154)
at org.testng.internal.invokers.TestMethodWorker.run(TestMethodWorker.java:134)
at java.base/java.util.ArrayList.forEach(ArrayList.java:1511)
at org.testng.TestRunner.privateRun(TestRunner.java:739)
at org.testng.TestRunner.run(TestRunner.java:614)
at org.testng.SuiteRunner.runTest(SuiteRunner.java:421)
at org.testng.SuiteRunner$SuiteWorker.run(SuiteRunner.java:463)
at org.testng.internal.thread.ThreadUtil.lambda$execute$0(ThreadUtil.java:64)
at java.base/java.util.concurrent.FutureTask.run(FutureTask.java:264)
at java.base/java.util.concurrent.ThreadPoolExecutor.runWorker(ThreadPoolExecutor.java:1136)
at java.base/java.util.concurrent.ThreadPoolExecutor$Worker.run(ThreadPoolExecutor.java:635)
at java.base/java.lang.Thread.run(Thread.java:842)
]]>
            </full-stacktrace>
          </exception> <!-- org.junit.ComparisonFailure -->
          <reporter-output>
          </reporter-output>
        </test-method> <!-- createInvoiceTest -->
        <test-method is-config="true" signature="ConfigAM()[pri:0, instance:practice.test.InvoiceTest_Listener@6a78afa0]" started-at="2025-02-20T17:15:54 IST" name="ConfigAM" finished-at="2025-02-20T17:15:59 IST" duration-ms="5115" status="PASS">
          <reporter-output>
            <line>
              <![CDATA[=====Logout to Appl=====]]>
            </line>
          </reporter-output>
        </test-method> <!-- ConfigAM -->
        <test-method is-config="true" signature="configBM()[pri:0, instance:practice.test.InvoiceTest_Listener@6a78afa0]" started-at="2025-02-20T17:15:59 IST" name="configBM" finished-at="2025-02-20T17:16:03 IST" duration-ms="3952" status="PASS">
          <reporter-output>
            <line>
              <![CDATA[=====Login to Appl=====]]>
            </line>
          </reporter-output>
        </test-method> <!-- configBM -->
        <test-method signature="createInvoiceWithContactTest()[pri:0, instance:practice.test.InvoiceTest_Listener@6a78afa0]" started-at="2025-02-20T17:16:03 IST" name="createInvoiceWithContactTest" finished-at="2025-02-20T17:16:03 IST" duration-ms="8" status="PASS">
          <reporter-output>
          </reporter-output>
        </test-method> <!-- createInvoiceWithContactTest -->
        <test-method is-config="true" signature="ConfigAM()[pri:0, instance:practice.test.InvoiceTest_Listener@6a78afa0]" started-at="2025-02-20T17:16:03 IST" name="ConfigAM" finished-at="2025-02-20T17:16:08 IST" duration-ms="4600" status="PASS">
          <reporter-output>
            <line>
              <![CDATA[=====Logout to Appl=====]]>
            </line>
          </reporter-output>
        </test-method> <!-- ConfigAM -->
        <test-method is-config="true" signature="ConfigAC()[pri:0, instance:practice.test.InvoiceTest_Listener@6a78afa0]" started-at="2025-02-20T17:16:08 IST" name="ConfigAC" finished-at="2025-02-20T17:16:11 IST" duration-ms="3168" status="PASS">
          <reporter-output>
            <line>
              <![CDATA[=====Close Browser=====]]>
            </line>
          </reporter-output>
        </test-method> <!-- ConfigAC -->
      </class> <!-- practice.test.InvoiceTest_Listener -->
    </test> <!-- TestRunner-FireFox -->
  </suite> <!-- Suite -->
</testng-results>
